-------------------------------------------------------------------------------
Test set: GestionTurnoServiceTest
-------------------------------------------------------------------------------
Tests run: 4, Failures: 0, Errors: 1, Skipped: 0, Time elapsed: 1.34 sec <<< FAILURE!
unnecessary Mockito stubbings(GestionTurnoServiceTest)  Time elapsed: 0.049 sec  <<< ERROR!
org.mockito.exceptions.misusing.UnnecessaryStubbingException: 
Unnecessary stubbings detected in test class: GestionTurnoServiceTest
Clean & maintainable test code requires zero unnecessary code.
Following stubbings are unnecessary (click to navigate to relevant line of code):
  1. -> at GestionTurnoServiceTest.setUp(GestionTurnoServiceTest.java:41)
  2. -> at GestionTurnoServiceTest.setUp(GestionTurnoServiceTest.java:44)
  3. -> at GestionTurnoServiceTest.setUp(GestionTurnoServiceTest.java:47)
  4. -> at GestionTurnoServiceTest.testEliminarTurnoNoExistente(GestionTurnoServiceTest.java:76)
  5. -> at GestionTurnoServiceTest.testAgregarTurno(GestionTurnoServiceTest.java:62)
Please remove unnecessary stubbings or use 'lenient' strictness. More info: javadoc for UnnecessaryStubbingException class.
	at org.mockito.internal.runners.StrictRunner.run(StrictRunner.java:54)
	at org.mockito.junit.MockitoJUnitRunner.run(MockitoJUnitRunner.java:163)
	at org.apache.maven.surefire.junit4.JUnit4Provider.execute(JUnit4Provider.java:252)
	at org.apache.maven.surefire.junit4.JUnit4Provider.executeTestSet(JUnit4Provider.java:141)
	at org.apache.maven.surefire.junit4.JUnit4Provider.invoke(JUnit4Provider.java:112)
	at java.base/jdk.internal.reflect.DirectMethodHandleAccessor.invoke(DirectMethodHandleAccessor.java:103)
	at java.base/java.lang.reflect.Method.invoke(Method.java:580)
	at org.apache.maven.surefire.util.ReflectionUtils.invokeMethodWithArray(ReflectionUtils.java:189)
	at org.apache.maven.surefire.booter.ProviderFactory$ProviderProxy.invoke(ProviderFactory.java:165)
	at org.apache.maven.surefire.booter.ProviderFactory.invokeProvider(ProviderFactory.java:85)
	at org.apache.maven.surefire.booter.ForkedBooter.runSuitesInProcess(ForkedBooter.java:115)
	at org.apache.maven.surefire.booter.ForkedBooter.main(ForkedBooter.java:75)

