<?xml version="1.0" encoding="UTF-8" ?>
<testsuite tests="4" failures="0" name="GestionTurnoServiceTest" time="0.503" errors="1" skipped="0">
  <properties>
[...]
</properties>
  <testcase classname="GestionTurnoServiceTest" name="testActualizarTurno" time="0.41"/>
  <testcase classname="GestionTurnoServiceTest" name="testEliminarTurnoNoExistente" time="0.006"/>
  <testcase classname="GestionTurnoServiceTest" name="testAgregarTurno" time="0.038"/>
  <testcase classname="GestionTurnoServiceTest" name="unnecessary Mockito stubbings" time="0.049">
    <error message="
Unnecessary stubbings detected in test class: GestionTurnoServiceTest
Clean &amp; maintainable test code requires zero unnecessary code.
Following stubbings are unnecessary (click to navigate to relevant line of code):
  1. -&gt; at GestionTurnoServiceTest.setUp(GestionTurnoServiceTest.java:41)
  2. -&gt; at GestionTurnoServiceTest.setUp(GestionTurnoServiceTest.java:44)
  3. -&gt; at GestionTurnoServiceTest.setUp(GestionTurnoServiceTest.java:47)
  4. -&gt; at GestionTurnoServiceTest.testEliminarTurnoNoExistente(GestionTurnoServiceTest.java:76)
  5. -&gt; at GestionTurnoServiceTest.testAgregarTurno(GestionTurnoServiceTest.java:62)
Please remove unnecessary stubbings or use &apos;lenient&apos; strictness. More info: javadoc for UnnecessaryStubbingException class." type="org.mockito.exceptions.misusing.UnnecessaryStubbingException">org.mockito.exceptions.misusing.UnnecessaryStubbingException: 
Unnecessary stubbings detected in test class: GestionTurnoServiceTest
Clean &amp; maintainable test code requires zero unnecessary code.
Following stubbings are unnecessary (click to navigate to relevant line of code):
  1. -&gt; at GestionTurnoServiceTest.setUp(GestionTurnoServiceTest.java:41)
  2. -&gt; at GestionTurnoServiceTest.setUp(GestionTurnoServiceTest.java:44)
  3. -&gt; at GestionTurnoServiceTest.setUp(GestionTurnoServiceTest.java:47)
  4. -&gt; at GestionTurnoServiceTest.testEliminarTurnoNoExistente(GestionTurnoServiceTest.java:76)
  5. -&gt; at GestionTurnoServiceTest.testAgregarTurno(GestionTurnoServiceTest.java:62)
Please remove unnecessary stubbings or use &apos;lenient&apos; strictness. More info: javadoc for UnnecessaryStubbingException class.
	at org.mockito.internal.runners.StrictRunner.run(StrictRunner.java:54)
	at org.mockito.junit.MockitoJUnitRunner.run(MockitoJUnitRunner.java:163)
	at org.apache.maven.surefire.junit4.JUnit4Provider.execute(JUnit4Provider.java:252)
	at org.apache.maven.surefire.junit4.JUnit4Provider.executeTestSet(JUnit4Provider.java:141)
	at org.apache.maven.surefire.junit4.JUnit4Provider.invoke(JUnit4Provider.java:112)
	at java.base/jdk.internal.reflect.DirectMethodHandleAccessor.invoke(DirectMethodHandleAccessor.java:103)
	at java.base/java.lang.reflect.Method.invoke(Method.java:580)
	at org.apache.maven.surefire.util.ReflectionUtils.invokeMethodWithArray(ReflectionUtils.java:189)
	at org.apache.maven.surefire.booter.ProviderFactory$ProviderProxy.invoke(ProviderFactory.java:165)
	at org.apache.maven.surefire.booter.ProviderFactory.invokeProvider(ProviderFactory.java:85)
	at org.apache.maven.surefire.booter.ForkedBooter.runSuitesInProcess(ForkedBooter.java:115)
	at org.apache.maven.surefire.booter.ForkedBooter.main(ForkedBooter.java:75)
</error>
  </testcase>
</testsuite>